<?xml version="1.0" encoding="UTF-8"?>
<testsuite name="com.bridgelabz.EmployeePayrollServiceTest" tests="1" skipped="0" failures="0" errors="0" timestamp="2021-06-26T20:19:40" hostname="LAPTOP-OKMRMTOT" time="0.674">
  <properties/>
  <testcase name="givenNewEmployee_WhenAdded_ShouldSyncWithDatabase" classname="com.bridgelabz.EmployeePayrollServiceTest" time="0.674"/>
  <system-out><![CDATA[Connecting to database:jdbc:mysql://localhost:3306/PayrollService?useSSL=false
Connection is successful!!!!com.mysql.cj.jdbc.ConnectionImpl@31c196ed
Connecting to database:jdbc:mysql://localhost:3306/PayrollService?useSSL=false
Connection is successful!!!!com.mysql.cj.jdbc.ConnectionImpl@4e58e87b
Connecting to database:jdbc:mysql://localhost:3306/PayrollService?useSSL=false
Connection is successful!!!!com.mysql.cj.jdbc.ConnectionImpl@33abb6c4
]]></system-out>
  <system-err><![CDATA[]]></system-err>
</testsuite>
