<?xml version="1.0" encoding="UTF-8"?>
<testsuite name="com.bridgelabz.EmployeePayrollServiceTest" tests="1" skipped="0" failures="0" errors="0" timestamp="2021-06-27T13:30:33" hostname="LAPTOP-OKMRMTOT" time="0.187">
  <properties/>
  <testcase name="givenEmployeeId_WhenRemoved_shouldReturnNumberOfActiveEmployees" classname="com.bridgelabz.EmployeePayrollServiceTest" time="0.187"/>
  <system-out><![CDATA[Connecting to database:jdbc:mysql://localhost:3306/PayrollService?useSSL=false
Connection is successful!!!!com.mysql.cj.jdbc.ConnectionImpl@372c2ede
]]></system-out>
  <system-err><![CDATA[]]></system-err>
</testsuite>
