<?xml version="1.0" encoding="UTF-8"?>
<testsuite name="com.bridgelabz.EmployeePayrollServiceTest" tests="1" skipped="0" failures="0" errors="0" timestamp="2021-06-26T03:19:46" hostname="LAPTOP-OKMRMTOT" time="1.332">
  <properties/>
  <testcase name="givenDateRange_WhenRetrievedEmployeeData_ShouldMatchEmployeeCount" classname="com.bridgelabz.EmployeePayrollServiceTest" time="1.332"/>
  <system-out><![CDATA[Connecting to database:jdbc:mysql://localhost:3306/PayrollService?useSSL=false
Connection is successful!!!!com.mysql.cj.jdbc.ConnectionImpl@31c196ed
Connecting to database:jdbc:mysql://localhost:3306/PayrollService?useSSL=false
Connection is successful!!!!com.mysql.cj.jdbc.ConnectionImpl@4e58e87b
]]></system-out>
  <system-err><![CDATA[]]></system-err>
</testsuite>
