<?xml version="1.0" encoding="UTF-8"?>
<testsuite name="com.bridgelabz.NIOFileAPITest" tests="3" skipped="0" failures="0" errors="0" timestamp="2021-06-21T10:18:46" hostname="LAPTOP-OKMRMTOT" time="0.104">
  <properties/>
  <testcase name="givenFile_onReadingFromFile_shouldMatchEmployeeCount" classname="com.bridgelabz.NIOFileAPITest" time="0.014"/>
  <testcase name="givenPath_whenChecked_thenConfirm" classname="com.bridgelabz.NIOFileAPITest" time="0.063"/>
  <testcase name="numberOfEmployeeEntryTest" classname="com.bridgelabz.NIOFileAPITest" time="0.025"/>
  <system-out><![CDATA[C:\Users\bagal\TempPlayground\temp1
C:\Users\bagal\TempPlayground\temp2
C:\Users\bagal\TempPlayground\temp3
C:\Users\bagal\TempPlayground\temp4
C:\Users\bagal\TempPlayground\temp5
C:\Users\bagal\TempPlayground\temp6
C:\Users\bagal\TempPlayground\temp7
C:\Users\bagal\TempPlayground\temp8
C:\Users\bagal\TempPlayground\temp9
C:\Users\bagal\TempPlayground\temp1
C:\Users\bagal\TempPlayground\temp2
C:\Users\bagal\TempPlayground\temp3
C:\Users\bagal\TempPlayground\temp4
C:\Users\bagal\TempPlayground\temp5
C:\Users\bagal\TempPlayground\temp6
C:\Users\bagal\TempPlayground\temp7
C:\Users\bagal\TempPlayground\temp8
C:\Users\bagal\TempPlayground\temp9
EmployeePayrollData{name='Jeff Bezos', id=1, salary=100000.0}
EmployeePayrollData{name='Bill Gates', id=2, salary=200000.0}
EmployeePayrollData{name='Mark Zuckerberg', id=3, salary=300000.0}
No.of entries into file are: 3
]]></system-out>
  <system-err><![CDATA[]]></system-err>
</testsuite>
